<?xml version="1.0" encoding="UTF-8"?>
<coverage generated="1777224203776" clover="3.2.0">
  <project timestamp="1777224203776" name="All files">
    <metrics statements="62" coveredstatements="59" conditionals="27" coveredconditionals="26" methods="10" coveredmethods="9" elements="99" coveredelements="94" complexity="0" loc="62" ncloc="62" packages="4" files="4" classes="4"/>
    <package name="src">
      <metrics statements="9" coveredstatements="8" conditionals="2" coveredconditionals="2" methods="2" coveredmethods="1"/>
      <file name="server.ts" path="C:\Web\projetos\CalculoEnergia\src\server.ts">
        <metrics statements="9" coveredstatements="8" conditionals="2" coveredconditionals="2" methods="2" coveredmethods="1"/>
        <line num="5" count="1" type="stmt"/>
        <line num="6" count="1" type="cond" truecount="2" falsecount="0"/>
        <line num="9" count="1" type="stmt"/>
        <line num="10" count="1" type="stmt"/>
        <line num="15" count="1" type="stmt"/>
        <line num="16" count="0" type="stmt"/>
        <line num="25" count="1" type="stmt"/>
        <line num="30" count="1" type="stmt"/>
        <line num="31" count="1" type="stmt"/>
      </file>
    </package>
    <package name="src.controllers">
      <metrics statements="22" coveredstatements="20" conditionals="7" coveredconditionals="7" methods="3" coveredmethods="3"/>
      <file name="energyController.ts" path="C:\Web\projetos\CalculoEnergia\src\controllers\energyController.ts">
        <metrics statements="22" coveredstatements="20" conditionals="7" coveredconditionals="7" methods="3" coveredmethods="3"/>
        <line num="23" count="1" type="stmt"/>
        <line num="24" count="2" type="stmt"/>
        <line num="25" count="2" type="stmt"/>
        <line num="26" count="2" type="stmt"/>
        <line num="27" count="1" type="stmt"/>
        <line num="29" count="1" type="stmt"/>
        <line num="33" count="1" type="stmt"/>
        <line num="34" count="2" type="stmt"/>
        <line num="35" count="2" type="stmt"/>
        <line num="37" count="2" type="cond" truecount="3" falsecount="0"/>
        <line num="38" count="1" type="stmt"/>
        <line num="41" count="1" type="stmt"/>
        <line num="42" count="1" type="stmt"/>
        <line num="44" count="0" type="stmt"/>
        <line num="48" count="1" type="stmt"/>
        <line num="49" count="2" type="stmt"/>
        <line num="50" count="2" type="stmt"/>
        <line num="52" count="2" type="cond" truecount="4" falsecount="0"/>
        <line num="53" count="1" type="stmt"/>
        <line num="56" count="1" type="stmt"/>
        <line num="57" count="1" type="stmt"/>
        <line num="59" count="0" type="stmt"/>
      </file>
    </package>
    <package name="src.routes">
      <metrics statements="4" coveredstatements="4" conditionals="0" coveredconditionals="0" methods="0" coveredmethods="0"/>
      <file name="energy.ts" path="C:\Web\projetos\CalculoEnergia\src\routes\energy.ts">
        <metrics statements="4" coveredstatements="4" conditionals="0" coveredconditionals="0" methods="0" coveredmethods="0"/>
        <line num="4" count="1" type="stmt"/>
        <line num="10" count="1" type="stmt"/>
        <line num="16" count="1" type="stmt"/>
        <line num="22" count="1" type="stmt"/>
      </file>
    </package>
    <package name="src.services">
      <metrics statements="27" coveredstatements="27" conditionals="18" coveredconditionals="17" methods="5" coveredmethods="5"/>
      <file name="energyService.ts" path="C:\Web\projetos\CalculoEnergia\src\services\energyService.ts">
        <metrics statements="27" coveredstatements="27" conditionals="18" coveredconditionals="17" methods="5" coveredmethods="5"/>
        <line num="14" count="2" type="stmt"/>
        <line num="25" count="17" type="cond" truecount="3" falsecount="0"/>
        <line num="26" count="3" type="stmt"/>
        <line num="29" count="14" type="stmt"/>
        <line num="30" count="17" type="cond" truecount="4" falsecount="0"/>
        <line num="31" count="1" type="stmt"/>
        <line num="33" count="16" type="cond" truecount="3" falsecount="0"/>
        <line num="34" count="1" type="stmt"/>
        <line num="37" count="15" type="stmt"/>
        <line num="38" count="15" type="stmt"/>
        <line num="46" count="15" type="stmt"/>
        <line num="47" count="12" type="stmt"/>
        <line num="54" count="16" type="cond" truecount="1" falsecount="0"/>
        <line num="55" count="15" type="cond" truecount="1" falsecount="0"/>
        <line num="57" count="14" type="cond" truecount="1" falsecount="0"/>
        <line num="58" count="1" type="stmt"/>
        <line num="61" count="13" type="stmt"/>
        <line num="62" count="13" type="stmt"/>
        <line num="63" count="13" type="stmt"/>
        <line num="65" count="13" type="stmt"/>
        <line num="77" count="5" type="stmt"/>
        <line num="78" count="4" type="stmt"/>
        <line num="80" count="4" type="stmt"/>
        <line num="81" count="4" type="stmt"/>
        <line num="83" count="4" type="stmt"/>
        <line num="84" count="4" type="stmt"/>
        <line num="86" count="4" type="stmt"/>
      </file>
    </package>
  </project>
</coverage>
