{"C:\\Web\\projetos\\CalculoEnergia\\src\\server.ts": {"path":"C:\\Web\\projetos\\CalculoEnergia\\src\\server.ts","statementMap":{"0":{"start":{"line":5,"column":25},"end":{"line":5,"column":34}},"1":{"start":{"line":6,"column":30},"end":{"line":6,"column":54}},"2":{"start":{"line":9,"column":0},"end":{"line":9,"column":16}},"3":{"start":{"line":10,"column":0},"end":{"line":10,"column":24}},"4":{"start":{"line":15,"column":0},"end":{"line":20,"column":3}},"5":{"start":{"line":16,"column":2},"end":{"line":19,"column":5}},"6":{"start":{"line":25,"column":0},"end":{"line":25,"column":31}},"7":{"start":{"line":30,"column":0},"end":{"line":32,"column":3}},"8":{"start":{"line":31,"column":2},"end":{"line":31,"column":51}}},"fnMap":{"0":{"name":"(anonymous_0)","decl":{"start":{"line":15,"column":13},"end":{"line":15,"column":14}},"loc":{"start":{"line":15,"column":45},"end":{"line":20,"column":1}}},"1":{"name":"(anonymous_1)","decl":{"start":{"line":30,"column":17},"end":{"line":30,"column":20}},"loc":{"start":{"line":30,"column":22},"end":{"line":32,"column":1}}}},"branchMap":{"0":{"loc":{"start":{"line":6,"column":30},"end":{"line":6,"column":54}},"type":"binary-expr","locations":[{"start":{"line":6,"column":30},"end":{"line":6,"column":46}},{"start":{"line":6,"column":50},"end":{"line":6,"column":54}}]}},"s":{"0":1,"1":1,"2":1,"3":1,"4":1,"5":0,"6":1,"7":1,"8":1},"f":{"0":0,"1":1},"b":{"0":[1,1]}}
,"C:\\Web\\projetos\\CalculoEnergia\\src\\controllers\\energyController.ts": {"path":"C:\\Web\\projetos\\CalculoEnergia\\src\\controllers\\energyController.ts","statementMap":{"0":{"start":{"line":23,"column":23},"end":{"line":31,"column":1}},"1":{"start":{"line":24,"column":4},"end":{"line":30,"column":5}},"2":{"start":{"line":25,"column":37},"end":{"line":25,"column":63}},"3":{"start":{"line":26,"column":23},"end":{"line":26,"column":56}},"4":{"start":{"line":27,"column":8},"end":{"line":27,"column":44}},"5":{"start":{"line":29,"column":8},"end":{"line":29,"column":60}},"6":{"start":{"line":33,"column":21},"end":{"line":46,"column":1}},"7":{"start":{"line":34,"column":4},"end":{"line":45,"column":5}},"8":{"start":{"line":35,"column":47},"end":{"line":35,"column":71}},"9":{"start":{"line":37,"column":8},"end":{"line":39,"column":9}},"10":{"start":{"line":38,"column":12},"end":{"line":38,"column":90}},"11":{"start":{"line":41,"column":23},"end":{"line":41,"column":80}},"12":{"start":{"line":42,"column":8},"end":{"line":42,"column":44}},"13":{"start":{"line":44,"column":8},"end":{"line":44,"column":60}},"14":{"start":{"line":48,"column":23},"end":{"line":61,"column":1}},"15":{"start":{"line":49,"column":4},"end":{"line":60,"column":5}},"16":{"start":{"line":50,"column":57},"end":{"line":50,"column":83}},"17":{"start":{"line":52,"column":8},"end":{"line":54,"column":9}},"18":{"start":{"line":53,"column":12},"end":{"line":53,"column":100}},"19":{"start":{"line":56,"column":23},"end":{"line":56,"column":86}},"20":{"start":{"line":57,"column":8},"end":{"line":57,"column":44}},"21":{"start":{"line":59,"column":8},"end":{"line":59,"column":60}}},"fnMap":{"0":{"name":"(anonymous_0)","decl":{"start":{"line":23,"column":23},"end":{"line":23,"column":24}},"loc":{"start":{"line":23,"column":65},"end":{"line":31,"column":1}}},"1":{"name":"(anonymous_1)","decl":{"start":{"line":33,"column":21},"end":{"line":33,"column":22}},"loc":{"start":{"line":33,"column":63},"end":{"line":46,"column":1}}},"2":{"name":"(anonymous_2)","decl":{"start":{"line":48,"column":23},"end":{"line":48,"column":24}},"loc":{"start":{"line":48,"column":65},"end":{"line":61,"column":1}}}},"branchMap":{"0":{"loc":{"start":{"line":37,"column":8},"end":{"line":39,"column":9}},"type":"if","locations":[{"start":{"line":37,"column":8},"end":{"line":39,"column":9}}]},"1":{"loc":{"start":{"line":37,"column":12},"end":{"line":37,"column":46}},"type":"binary-expr","locations":[{"start":{"line":37,"column":12},"end":{"line":37,"column":28}},{"start":{"line":37,"column":32},"end":{"line":37,"column":46}}]},"2":{"loc":{"start":{"line":52,"column":8},"end":{"line":54,"column":9}},"type":"if","locations":[{"start":{"line":52,"column":8},"end":{"line":54,"column":9}}]},"3":{"loc":{"start":{"line":52,"column":12},"end":{"line":52,"column":52}},"type":"binary-expr","locations":[{"start":{"line":52,"column":12},"end":{"line":52,"column":21}},{"start":{"line":52,"column":25},"end":{"line":52,"column":34}},{"start":{"line":52,"column":38},"end":{"line":52,"column":52}}]}},"s":{"0":1,"1":2,"2":2,"3":2,"4":1,"5":1,"6":1,"7":2,"8":2,"9":2,"10":1,"11":1,"12":1,"13":0,"14":1,"15":2,"16":2,"17":2,"18":1,"19":1,"20":1,"21":0},"f":{"0":2,"1":2,"2":2},"b":{"0":[1],"1":[2,2],"2":[1],"3":[2,1,1]}}
,"C:\\Web\\projetos\\CalculoEnergia\\src\\routes\\energy.ts": {"path":"C:\\Web\\projetos\\CalculoEnergia\\src\\routes\\energy.ts","statementMap":{"0":{"start":{"line":4,"column":23},"end":{"line":4,"column":31}},"1":{"start":{"line":10,"column":0},"end":{"line":10,"column":33}},"2":{"start":{"line":16,"column":0},"end":{"line":16,"column":29}},"3":{"start":{"line":22,"column":0},"end":{"line":22,"column":33}}},"fnMap":{},"branchMap":{},"s":{"0":1,"1":1,"2":1,"3":1},"f":{},"b":{}}
,"C:\\Web\\projetos\\CalculoEnergia\\src\\services\\energyService.ts": {"path":"C:\\Web\\projetos\\CalculoEnergia\\src\\services\\energyService.ts","statementMap":{"0":{"start":{"line":14,"column":49},"end":{"line":19,"column":2}},"1":{"start":{"line":25,"column":4},"end":{"line":27,"column":5}},"2":{"start":{"line":26,"column":8},"end":{"line":26,"column":65}},"3":{"start":{"line":29,"column":36},"end":{"line":44,"column":6}},"4":{"start":{"line":30,"column":8},"end":{"line":32,"column":9}},"5":{"start":{"line":31,"column":12},"end":{"line":31,"column":85}},"6":{"start":{"line":33,"column":8},"end":{"line":35,"column":9}},"7":{"start":{"line":34,"column":12},"end":{"line":34,"column":80}},"8":{"start":{"line":37,"column":20},"end":{"line":37,"column":86}},"9":{"start":{"line":38,"column":8},"end":{"line":43,"column":10}},"10":{"start":{"line":46,"column":21},"end":{"line":46,"column":87}},"11":{"start":{"line":46,"column":57},"end":{"line":46,"column":71}},"12":{"start":{"line":47,"column":4},"end":{"line":47,"column":31}},"13":{"start":{"line":54,"column":4},"end":{"line":54,"column":77}},"14":{"start":{"line":54,"column":22},"end":{"line":54,"column":77}},"15":{"start":{"line":55,"column":4},"end":{"line":55,"column":72}},"16":{"start":{"line":55,"column":21},"end":{"line":55,"column":72}},"17":{"start":{"line":57,"column":4},"end":{"line":59,"column":5}},"18":{"start":{"line":58,"column":8},"end":{"line":58,"column":88}},"19":{"start":{"line":61,"column":21},"end":{"line":61,"column":63}},"20":{"start":{"line":62,"column":30},"end":{"line":62,"column":85}},"21":{"start":{"line":63,"column":18},"end":{"line":63,"column":71}},"22":{"start":{"line":65,"column":4},"end":{"line":65,"column":78}},"23":{"start":{"line":77,"column":20},"end":{"line":77,"column":45}},"24":{"start":{"line":78,"column":20},"end":{"line":78,"column":45}},"25":{"start":{"line":80,"column":19},"end":{"line":80,"column":68}},"26":{"start":{"line":81,"column":19},"end":{"line":81,"column":68}},"27":{"start":{"line":83,"column":20},"end":{"line":83,"column":80}},"28":{"start":{"line":84,"column":26},"end":{"line":84,"column":78}},"29":{"start":{"line":86,"column":4},"end":{"line":92,"column":6}}},"fnMap":{"0":{"name":"calcularConsumo","decl":{"start":{"line":24,"column":16},"end":{"line":24,"column":31}},"loc":{"start":{"line":24,"column":74},"end":{"line":48,"column":1}}},"1":{"name":"(anonymous_1)","decl":{"start":{"line":29,"column":51},"end":{"line":29,"column":52}},"loc":{"start":{"line":29,"column":58},"end":{"line":44,"column":5}}},"2":{"name":"(anonymous_2)","decl":{"start":{"line":46,"column":45},"end":{"line":46,"column":46}},"loc":{"start":{"line":46,"column":57},"end":{"line":46,"column":71}}},"3":{"name":"calcularConta","decl":{"start":{"line":53,"column":16},"end":{"line":53,"column":29}},"loc":{"start":{"line":53,"column":90},"end":{"line":66,"column":1}}},"4":{"name":"simularComparacao","decl":{"start":{"line":71,"column":16},"end":{"line":71,"column":33}},"loc":{"start":{"line":75,"column":30},"end":{"line":93,"column":1}}}},"branchMap":{"0":{"loc":{"start":{"line":24,"column":57},"end":{"line":24,"column":74}},"type":"default-arg","locations":[{"start":{"line":24,"column":72},"end":{"line":24,"column":74}}]},"1":{"loc":{"start":{"line":25,"column":4},"end":{"line":27,"column":5}},"type":"if","locations":[{"start":{"line":25,"column":4},"end":{"line":27,"column":5}}]},"2":{"loc":{"start":{"line":25,"column":8},"end":{"line":25,"column":61}},"type":"binary-expr","locations":[{"start":{"line":25,"column":8},"end":{"line":25,"column":34}},{"start":{"line":25,"column":38},"end":{"line":25,"column":61}}]},"3":{"loc":{"start":{"line":30,"column":8},"end":{"line":32,"column":9}},"type":"if","locations":[{"start":{"line":30,"column":8},"end":{"line":32,"column":9}}]},"4":{"loc":{"start":{"line":30,"column":12},"end":{"line":30,"column":66}},"type":"binary-expr","locations":[{"start":{"line":30,"column":12},"end":{"line":30,"column":20}},{"start":{"line":30,"column":24},"end":{"line":30,"column":40}},{"start":{"line":30,"column":44},"end":{"line":30,"column":66}}]},"5":{"loc":{"start":{"line":33,"column":8},"end":{"line":35,"column":9}},"type":"if","locations":[{"start":{"line":33,"column":8},"end":{"line":35,"column":9}}]},"6":{"loc":{"start":{"line":33,"column":12},"end":{"line":33,"column":46}},"type":"binary-expr","locations":[{"start":{"line":33,"column":12},"end":{"line":33,"column":24}},{"start":{"line":33,"column":28},"end":{"line":33,"column":46}}]},"7":{"loc":{"start":{"line":53,"column":64},"end":{"line":53,"column":90}},"type":"default-arg","locations":[{"start":{"line":53,"column":83},"end":{"line":53,"column":90}}]},"8":{"loc":{"start":{"line":54,"column":4},"end":{"line":54,"column":77}},"type":"if","locations":[{"start":{"line":54,"column":4},"end":{"line":54,"column":77}}]},"9":{"loc":{"start":{"line":55,"column":4},"end":{"line":55,"column":72}},"type":"if","locations":[{"start":{"line":55,"column":4},"end":{"line":55,"column":72}}]},"10":{"loc":{"start":{"line":57,"column":4},"end":{"line":59,"column":5}},"type":"if","locations":[{"start":{"line":57,"column":4},"end":{"line":59,"column":5}}]},"11":{"loc":{"start":{"line":75,"column":4},"end":{"line":75,"column":30}},"type":"default-arg","locations":[{"start":{"line":75,"column":23},"end":{"line":75,"column":30}}]},"12":{"loc":{"start":{"line":91,"column":30},"end":{"line":91,"column":60}},"type":"cond-expr","locations":[{"start":{"line":91,"column":51},"end":{"line":91,"column":54}},{"start":{"line":91,"column":57},"end":{"line":91,"column":60}}]}},"s":{"0":2,"1":17,"2":3,"3":14,"4":17,"5":1,"6":16,"7":1,"8":15,"9":15,"10":12,"11":15,"12":12,"13":16,"14":1,"15":15,"16":1,"17":14,"18":1,"19":13,"20":13,"21":13,"22":13,"23":5,"24":4,"25":4,"26":4,"27":4,"28":4,"29":4},"f":{"0":17,"1":17,"2":15,"3":16,"4":5},"b":{"0":[15],"1":[3],"2":[17,16],"3":[1],"4":[17,17,17],"5":[1],"6":[16,15],"7":[2],"8":[1],"9":[1],"10":[1],"11":[4],"12":[4,0]}}
}
