TN:
SF:src\server.ts
FN:15,(anonymous_0)
FN:30,(anonymous_1)
FNF:2
FNH:1
FNDA:0,(anonymous_0)
FNDA:1,(anonymous_1)
DA:5,1
DA:6,1
DA:9,1
DA:10,1
DA:15,1
DA:16,0
DA:25,1
DA:30,1
DA:31,1
LF:9
LH:8
BRDA:6,0,0,1
BRDA:6,0,1,1
BRF:2
BRH:2
end_of_record
TN:
SF:src\controllers\energyController.ts
FN:23,(anonymous_0)
FN:33,(anonymous_1)
FN:48,(anonymous_2)
FNF:3
FNH:3
FNDA:2,(anonymous_0)
FNDA:2,(anonymous_1)
FNDA:2,(anonymous_2)
DA:23,1
DA:24,2
DA:25,2
DA:26,2
DA:27,1
DA:29,1
DA:33,1
DA:34,2
DA:35,2
DA:37,2
DA:38,1
DA:41,1
DA:42,1
DA:44,0
DA:48,1
DA:49,2
DA:50,2
DA:52,2
DA:53,1
DA:56,1
DA:57,1
DA:59,0
LF:22
LH:20
BRDA:37,0,0,1
BRDA:37,1,0,2
BRDA:37,1,1,2
BRDA:52,2,0,1
BRDA:52,3,0,2
BRDA:52,3,1,1
BRDA:52,3,2,1
BRF:7
BRH:7
end_of_record
TN:
SF:src\routes\energy.ts
FNF:0
FNH:0
DA:4,1
DA:10,1
DA:16,1
DA:22,1
LF:4
LH:4
BRF:0
BRH:0
end_of_record
TN:
SF:src\services\energyService.ts
FN:24,calcularConsumo
FN:29,(anonymous_1)
FN:46,(anonymous_2)
FN:53,calcularConta
FN:71,simularComparacao
FNF:5
FNH:5
FNDA:17,calcularConsumo
FNDA:17,(anonymous_1)
FNDA:15,(anonymous_2)
FNDA:16,calcularConta
FNDA:5,simularComparacao
DA:14,2
DA:25,17
DA:26,3
DA:29,14
DA:30,17
DA:31,1
DA:33,16
DA:34,1
DA:37,15
DA:38,15
DA:46,15
DA:47,12
DA:54,16
DA:55,15
DA:57,14
DA:58,1
DA:61,13
DA:62,13
DA:63,13
DA:65,13
DA:77,5
DA:78,4
DA:80,4
DA:81,4
DA:83,4
DA:84,4
DA:86,4
LF:27
LH:27
BRDA:24,0,0,15
BRDA:25,1,0,3
BRDA:25,2,0,17
BRDA:25,2,1,16
BRDA:30,3,0,1
BRDA:30,4,0,17
BRDA:30,4,1,17
BRDA:30,4,2,17
BRDA:33,5,0,1
BRDA:33,6,0,16
BRDA:33,6,1,15
BRDA:53,7,0,2
BRDA:54,8,0,1
BRDA:55,9,0,1
BRDA:57,10,0,1
BRDA:75,11,0,4
BRDA:91,12,0,4
BRDA:91,12,1,0
BRF:18
BRH:17
end_of_record
